CRITICAL - 2023-04-08 04:13:54 --> Undefined variable: rules
in APPPATH\Controllers\Contact.php on line 50.
 1 APPPATH\Controllers\Contact.php(50): CodeIgniter\Debug\Exceptions->errorHandler(8, 'Undefined variable: rules', 'APPPATH\\Controllers\\Contact.php', 50, [...])
 2 SYSTEMPATH\CodeIgniter.php(934): App\Controllers\Contact->sendemail()
 3 SYSTEMPATH\CodeIgniter.php(499): CodeIgniter\CodeIgniter->runController(Object(App\Controllers\Contact))
 4 SYSTEMPATH\CodeIgniter.php(368): CodeIgniter\CodeIgniter->handleRequest(null, Object(Config\Cache), false)
 5 FCPATH\index.php(67): CodeIgniter\CodeIgniter->run()
 6 SYSTEMPATH\Commands\Server\rewrite.php(47): require_once('FCPATH\\index.php')
CRITICAL - 2023-04-08 04:14:51 --> Undefined variable: rules
in APPPATH\Controllers\Contact.php on line 50.
 1 APPPATH\Controllers\Contact.php(50): CodeIgniter\Debug\Exceptions->errorHandler(8, 'Undefined variable: rules', 'APPPATH\\Controllers\\Contact.php', 50, [...])
 2 SYSTEMPATH\CodeIgniter.php(934): App\Controllers\Contact->sendemail()
 3 SYSTEMPATH\CodeIgniter.php(499): CodeIgniter\CodeIgniter->runController(Object(App\Controllers\Contact))
 4 SYSTEMPATH\CodeIgniter.php(368): CodeIgniter\CodeIgniter->handleRequest(null, Object(Config\Cache), false)
 5 FCPATH\index.php(67): CodeIgniter\CodeIgniter->run()
 6 SYSTEMPATH\Commands\Server\rewrite.php(47): require_once('FCPATH\\index.php')
CRITICAL - 2023-04-08 06:47:38 --> Undefined index: nom
in APPPATH\Models\Mail.php on line 13.
 1 APPPATH\Models\Mail.php(13): CodeIgniter\Debug\Exceptions->errorHandler(8, 'Undefined index: nom', 'APPPATH\\Models\\Mail.php', 13, [])
 2 APPPATH\Controllers\Contact.php(21): App\Models\Mail->mailinfo()
 3 SYSTEMPATH\CodeIgniter.php(934): App\Controllers\Contact->sendemail()
 4 SYSTEMPATH\CodeIgniter.php(499): CodeIgniter\CodeIgniter->runController(Object(App\Controllers\Contact))
 5 SYSTEMPATH\CodeIgniter.php(368): CodeIgniter\CodeIgniter->handleRequest(null, Object(Config\Cache), false)
 6 FCPATH\index.php(67): CodeIgniter\CodeIgniter->run()
 7 SYSTEMPATH\Commands\Server\rewrite.php(47): require_once('FCPATH\\index.php')
CRITICAL - 2023-04-08 07:21:33 --> syntax error, unexpected '?>'
in APPPATH\Views\banniere06.php on line 26.
 1 SYSTEMPATH\View\View.php(216): CodeIgniter\View\View->CodeIgniter\View\{closure}()
 2 SYSTEMPATH\Common.php(1184): CodeIgniter\View\View->render('banniere06', [], true)
 3 APPPATH\Controllers\Accueil.php(15): view('banniere06')
 4 SYSTEMPATH\CodeIgniter.php(934): App\Controllers\Accueil->accueil()
 5 SYSTEMPATH\CodeIgniter.php(499): CodeIgniter\CodeIgniter->runController(Object(App\Controllers\Accueil))
 6 SYSTEMPATH\CodeIgniter.php(368): CodeIgniter\CodeIgniter->handleRequest(null, Object(Config\Cache), false)
 7 FCPATH\index.php(67): CodeIgniter\CodeIgniter->run()
 8 SYSTEMPATH\Commands\Server\rewrite.php(47): require_once('FCPATH\\index.php')
CRITICAL - 2023-04-08 07:21:55 --> syntax error, unexpected '?>'
in APPPATH\Views\banniere06.php on line 26.
 1 SYSTEMPATH\View\View.php(216): CodeIgniter\View\View->CodeIgniter\View\{closure}()
 2 SYSTEMPATH\Common.php(1184): CodeIgniter\View\View->render('banniere06', [], true)
 3 APPPATH\Controllers\Accueil.php(15): view('banniere06')
 4 SYSTEMPATH\CodeIgniter.php(934): App\Controllers\Accueil->accueil()
 5 SYSTEMPATH\CodeIgniter.php(499): CodeIgniter\CodeIgniter->runController(Object(App\Controllers\Accueil))
 6 SYSTEMPATH\CodeIgniter.php(368): CodeIgniter\CodeIgniter->handleRequest(null, Object(Config\Cache), false)
 7 FCPATH\index.php(67): CodeIgniter\CodeIgniter->run()
 8 SYSTEMPATH\Commands\Server\rewrite.php(47): require_once('FCPATH\\index.php')
CRITICAL - 2023-04-08 07:22:11 --> syntax error, unexpected '?>'
in APPPATH\Views\banniere06.php on line 26.
 1 SYSTEMPATH\View\View.php(216): CodeIgniter\View\View->CodeIgniter\View\{closure}()
 2 SYSTEMPATH\Common.php(1184): CodeIgniter\View\View->render('banniere06', [], true)
 3 APPPATH\Controllers\Accueil.php(15): view('banniere06')
 4 SYSTEMPATH\CodeIgniter.php(934): App\Controllers\Accueil->accueil()
 5 SYSTEMPATH\CodeIgniter.php(499): CodeIgniter\CodeIgniter->runController(Object(App\Controllers\Accueil))
 6 SYSTEMPATH\CodeIgniter.php(368): CodeIgniter\CodeIgniter->handleRequest(null, Object(Config\Cache), false)
 7 FCPATH\index.php(67): CodeIgniter\CodeIgniter->run()
 8 SYSTEMPATH\Commands\Server\rewrite.php(47): require_once('FCPATH\\index.php')
ERROR - 2023-04-08 07:37:01 --> Email: sendWithMail throwed ErrorException: mail(): Failed to connect to mailserver at &quot;localhost&quot; port 25, verify your &quot;SMTP&quot; and &quot;smtp_port&quot; setting in php.ini or use ini_set() in E:\shalom\system\Email\Email.php:1735
Stack trace:
#0 [internal function]: CodeIgniter\Debug\Exceptions->errorHandler(2, 'mail(): Failed ...', 'E:\\shalom\\syste...', 1735, Array)
#1 E:\shalom\system\Email\Email.php(1735): mail('contact@shalom....', '=?UTF-8?Q?Deman...', 'Message de Hari...', 'Date: Sat, 8 Ap...', '-f noreply@shal...')
#2 E:\shalom\system\Email\Email.php(1667): CodeIgniter\Email\Email->sendWithMail()
#3 E:\shalom\system\Email\Email.php(1565): CodeIgniter\Email\Email->spoolEmail()
#4 E:\shalom\app\Controllers\Contact.php(68): CodeIgniter\Email\Email->send()
#5 E:\shalom\system\CodeIgniter.php(934): App\Controllers\Contact->sendemail()
#6 E:\shalom\system\CodeIgniter.php(499): CodeIgniter\CodeIgniter->runController(Object(App\Controllers\Contact))
#7 E:\shalom\system\CodeIgniter.php(368): CodeIgniter\CodeIgniter->handleRequest(NULL, Object(Config\Cache), false)
#8 E:\shalom\public\index.php(67): CodeIgniter\CodeIgniter->run()
#9 E:\shalom\system\Commands\Server\rewrite.php(47): require_once('E:\\shalom\\publi...')
#10 {main}
ERROR - 2023-04-08 07:37:01 --> Email: Unable to send email using PHP mail(). Your server might not be configured to send mail using this method.
ERROR - 2023-04-08 07:37:01 --> 
