CRITICAL - 2023-04-07 04:59:32 --> Argument 2 passed to CodeIgniter\HTTP\RedirectResponse::to() must be of the type int or null, array given, called in E:\shalom\app\Controllers\Contact.php on line 55
in SYSTEMPATH\HTTP\RedirectResponse.php on line 32.
 1 APPPATH\Controllers\Contact.php(55): CodeIgniter\HTTP\RedirectResponse->to('E:\\', [...])
 2 SYSTEMPATH\CodeIgniter.php(934): App\Controllers\Contact->sendemail()
 3 SYSTEMPATH\CodeIgniter.php(499): CodeIgniter\CodeIgniter->runController(Object(App\Controllers\Contact))
 4 SYSTEMPATH\CodeIgniter.php(368): CodeIgniter\CodeIgniter->handleRequest(null, Object(Config\Cache), false)
 5 FCPATH\index.php(67): CodeIgniter\CodeIgniter->run()
 6 SYSTEMPATH\Commands\Server\rewrite.php(47): require_once('FCPATH\\index.php')
CRITICAL - 2023-04-07 05:00:33 --> Argument 2 passed to CodeIgniter\HTTP\RedirectResponse::to() must be of the type int or null, array given, called in E:\shalom\app\Controllers\Contact.php on line 55
in SYSTEMPATH\HTTP\RedirectResponse.php on line 32.
 1 APPPATH\Controllers\Contact.php(55): CodeIgniter\HTTP\RedirectResponse->to('E:\\', [...])
 2 SYSTEMPATH\CodeIgniter.php(934): App\Controllers\Contact->sendemail()
 3 SYSTEMPATH\CodeIgniter.php(499): CodeIgniter\CodeIgniter->runController(Object(App\Controllers\Contact))
 4 SYSTEMPATH\CodeIgniter.php(368): CodeIgniter\CodeIgniter->handleRequest(null, Object(Config\Cache), false)
 5 FCPATH\index.php(67): CodeIgniter\CodeIgniter->run()
 6 SYSTEMPATH\Commands\Server\rewrite.php(47): require_once('FCPATH\\index.php')
CRITICAL - 2023-04-07 06:56:30 --> Undefined variable: rules
in APPPATH\Controllers\Contact.php on line 52.
 1 APPPATH\Controllers\Contact.php(52): CodeIgniter\Debug\Exceptions->errorHandler(8, 'Undefined variable: rules', 'APPPATH\\Controllers\\Contact.php', 52, [...])
 2 SYSTEMPATH\CodeIgniter.php(934): App\Controllers\Contact->sendemail()
 3 SYSTEMPATH\CodeIgniter.php(499): CodeIgniter\CodeIgniter->runController(Object(App\Controllers\Contact))
 4 SYSTEMPATH\CodeIgniter.php(368): CodeIgniter\CodeIgniter->handleRequest(null, Object(Config\Cache), false)
 5 FCPATH\index.php(67): CodeIgniter\CodeIgniter->run()
 6 SYSTEMPATH\Commands\Server\rewrite.php(47): require_once('FCPATH\\index.php')
CRITICAL - 2023-04-07 06:57:06 --> Undefined index: nom
in APPPATH\Models\Mail.php on line 13.
 1 APPPATH\Models\Mail.php(13): CodeIgniter\Debug\Exceptions->errorHandler(8, 'Undefined index: nom', 'APPPATH\\Models\\Mail.php', 13, [])
 2 APPPATH\Controllers\Contact.php(21): App\Models\Mail->mailinfo()
 3 SYSTEMPATH\CodeIgniter.php(934): App\Controllers\Contact->sendemail()
 4 SYSTEMPATH\CodeIgniter.php(499): CodeIgniter\CodeIgniter->runController(Object(App\Controllers\Contact))
 5 SYSTEMPATH\CodeIgniter.php(368): CodeIgniter\CodeIgniter->handleRequest(null, Object(Config\Cache), false)
 6 FCPATH\index.php(67): CodeIgniter\CodeIgniter->run()
 7 SYSTEMPATH\Commands\Server\rewrite.php(47): require_once('FCPATH\\index.php')
CRITICAL - 2023-04-07 06:57:15 --> Undefined index: nom
in APPPATH\Models\Mail.php on line 13.
 1 APPPATH\Models\Mail.php(13): CodeIgniter\Debug\Exceptions->errorHandler(8, 'Undefined index: nom', 'APPPATH\\Models\\Mail.php', 13, [])
 2 APPPATH\Controllers\Contact.php(21): App\Models\Mail->mailinfo()
 3 SYSTEMPATH\CodeIgniter.php(934): App\Controllers\Contact->sendemail()
 4 SYSTEMPATH\CodeIgniter.php(499): CodeIgniter\CodeIgniter->runController(Object(App\Controllers\Contact))
 5 SYSTEMPATH\CodeIgniter.php(368): CodeIgniter\CodeIgniter->handleRequest(null, Object(Config\Cache), false)
 6 FCPATH\index.php(67): CodeIgniter\CodeIgniter->run()
 7 SYSTEMPATH\Commands\Server\rewrite.php(47): require_once('FCPATH\\index.php')
CRITICAL - 2023-04-07 07:00:47 --> Call to undefined function set_value()
in APPPATH\Views\banniere06.php on line 12.
 1 SYSTEMPATH\View\View.php(213): include()
 2 SYSTEMPATH\View\View.php(216): CodeIgniter\View\View->CodeIgniter\View\{closure}()
 3 SYSTEMPATH\Common.php(1184): CodeIgniter\View\View->render('banniere06', [], true)
 4 APPPATH\Controllers\Accueil.php(14): view('banniere06')
 5 SYSTEMPATH\CodeIgniter.php(934): App\Controllers\Accueil->accueil()
 6 SYSTEMPATH\CodeIgniter.php(499): CodeIgniter\CodeIgniter->runController(Object(App\Controllers\Accueil))
 7 SYSTEMPATH\CodeIgniter.php(368): CodeIgniter\CodeIgniter->handleRequest(null, Object(Config\Cache), false)
 8 FCPATH\index.php(67): CodeIgniter\CodeIgniter->run()
 9 SYSTEMPATH\Commands\Server\rewrite.php(47): require_once('FCPATH\\index.php')
CRITICAL - 2023-04-07 07:00:49 --> Call to undefined function set_value()
in APPPATH\Views\banniere06.php on line 12.
 1 SYSTEMPATH\View\View.php(213): include()
 2 SYSTEMPATH\View\View.php(216): CodeIgniter\View\View->CodeIgniter\View\{closure}()
 3 SYSTEMPATH\Common.php(1184): CodeIgniter\View\View->render('banniere06', [], true)
 4 APPPATH\Controllers\Accueil.php(14): view('banniere06')
 5 SYSTEMPATH\CodeIgniter.php(934): App\Controllers\Accueil->accueil()
 6 SYSTEMPATH\CodeIgniter.php(499): CodeIgniter\CodeIgniter->runController(Object(App\Controllers\Accueil))
 7 SYSTEMPATH\CodeIgniter.php(368): CodeIgniter\CodeIgniter->handleRequest(null, Object(Config\Cache), false)
 8 FCPATH\index.php(67): CodeIgniter\CodeIgniter->run()
 9 SYSTEMPATH\Commands\Server\rewrite.php(47): require_once('FCPATH\\index.php')
CRITICAL - 2023-04-07 07:01:44 --> Call to undefined function set_value()
in APPPATH\Views\banniere06.php on line 12.
 1 SYSTEMPATH\View\View.php(213): include()
 2 SYSTEMPATH\View\View.php(216): CodeIgniter\View\View->CodeIgniter\View\{closure}()
 3 SYSTEMPATH\Common.php(1184): CodeIgniter\View\View->render('banniere06', [], true)
 4 APPPATH\Controllers\Accueil.php(14): view('banniere06')
 5 SYSTEMPATH\CodeIgniter.php(934): App\Controllers\Accueil->accueil()
 6 SYSTEMPATH\CodeIgniter.php(499): CodeIgniter\CodeIgniter->runController(Object(App\Controllers\Accueil))
 7 SYSTEMPATH\CodeIgniter.php(368): CodeIgniter\CodeIgniter->handleRequest(null, Object(Config\Cache), false)
 8 FCPATH\index.php(67): CodeIgniter\CodeIgniter->run()
 9 SYSTEMPATH\Commands\Server\rewrite.php(47): require_once('FCPATH\\index.php')
CRITICAL - 2023-04-07 07:04:57 --> Call to undefined function set_value()
in APPPATH\Views\banniere06.php on line 12.
 1 SYSTEMPATH\View\View.php(213): include()
 2 SYSTEMPATH\View\View.php(216): CodeIgniter\View\View->CodeIgniter\View\{closure}()
 3 SYSTEMPATH\Common.php(1184): CodeIgniter\View\View->render('banniere06', [], true)
 4 APPPATH\Controllers\Accueil.php(14): view('banniere06')
 5 SYSTEMPATH\CodeIgniter.php(934): App\Controllers\Accueil->accueil()
 6 SYSTEMPATH\CodeIgniter.php(499): CodeIgniter\CodeIgniter->runController(Object(App\Controllers\Accueil))
 7 SYSTEMPATH\CodeIgniter.php(368): CodeIgniter\CodeIgniter->handleRequest(null, Object(Config\Cache), false)
 8 FCPATH\index.php(67): CodeIgniter\CodeIgniter->run()
 9 SYSTEMPATH\Commands\Server\rewrite.php(47): require_once('FCPATH\\index.php')
CRITICAL - 2023-04-07 07:04:59 --> Call to undefined function set_value()
in APPPATH\Views\banniere06.php on line 12.
 1 SYSTEMPATH\View\View.php(213): include()
 2 SYSTEMPATH\View\View.php(216): CodeIgniter\View\View->CodeIgniter\View\{closure}()
 3 SYSTEMPATH\Common.php(1184): CodeIgniter\View\View->render('banniere06', [], true)
 4 APPPATH\Controllers\Accueil.php(14): view('banniere06')
 5 SYSTEMPATH\CodeIgniter.php(934): App\Controllers\Accueil->accueil()
 6 SYSTEMPATH\CodeIgniter.php(499): CodeIgniter\CodeIgniter->runController(Object(App\Controllers\Accueil))
 7 SYSTEMPATH\CodeIgniter.php(368): CodeIgniter\CodeIgniter->handleRequest(null, Object(Config\Cache), false)
 8 FCPATH\index.php(67): CodeIgniter\CodeIgniter->run()
 9 SYSTEMPATH\Commands\Server\rewrite.php(47): require_once('FCPATH\\index.php')
CRITICAL - 2023-04-07 07:05:39 --> Call to undefined function set_value()
in APPPATH\Views\banniere06.php on line 12.
 1 SYSTEMPATH\View\View.php(213): include()
 2 SYSTEMPATH\View\View.php(216): CodeIgniter\View\View->CodeIgniter\View\{closure}()
 3 SYSTEMPATH\Common.php(1184): CodeIgniter\View\View->render('banniere06', [], true)
 4 APPPATH\Controllers\Accueil.php(14): view('banniere06')
 5 SYSTEMPATH\CodeIgniter.php(934): App\Controllers\Accueil->accueil()
 6 SYSTEMPATH\CodeIgniter.php(499): CodeIgniter\CodeIgniter->runController(Object(App\Controllers\Accueil))
 7 SYSTEMPATH\CodeIgniter.php(368): CodeIgniter\CodeIgniter->handleRequest(null, Object(Config\Cache), false)
 8 FCPATH\index.php(67): CodeIgniter\CodeIgniter->run()
 9 SYSTEMPATH\Commands\Server\rewrite.php(47): require_once('FCPATH\\index.php')
CRITICAL - 2023-04-07 07:06:10 --> Call to undefined function set_value()
in APPPATH\Views\banniere06.php on line 12.
 1 SYSTEMPATH\View\View.php(213): include()
 2 SYSTEMPATH\View\View.php(216): CodeIgniter\View\View->CodeIgniter\View\{closure}()
 3 SYSTEMPATH\Common.php(1184): CodeIgniter\View\View->render('banniere06', [], true)
 4 APPPATH\Controllers\Accueil.php(14): view('banniere06')
 5 SYSTEMPATH\CodeIgniter.php(934): App\Controllers\Accueil->accueil()
 6 SYSTEMPATH\CodeIgniter.php(499): CodeIgniter\CodeIgniter->runController(Object(App\Controllers\Accueil))
 7 SYSTEMPATH\CodeIgniter.php(368): CodeIgniter\CodeIgniter->handleRequest(null, Object(Config\Cache), false)
 8 FCPATH\index.php(67): CodeIgniter\CodeIgniter->run()
 9 SYSTEMPATH\Commands\Server\rewrite.php(47): require_once('FCPATH\\index.php')
CRITICAL - 2023-04-07 07:06:12 --> Call to undefined function set_value()
in APPPATH\Views\banniere06.php on line 12.
 1 SYSTEMPATH\View\View.php(213): include()
 2 SYSTEMPATH\View\View.php(216): CodeIgniter\View\View->CodeIgniter\View\{closure}()
 3 SYSTEMPATH\Common.php(1184): CodeIgniter\View\View->render('banniere06', [], true)
 4 APPPATH\Controllers\Accueil.php(14): view('banniere06')
 5 SYSTEMPATH\CodeIgniter.php(934): App\Controllers\Accueil->accueil()
 6 SYSTEMPATH\CodeIgniter.php(499): CodeIgniter\CodeIgniter->runController(Object(App\Controllers\Accueil))
 7 SYSTEMPATH\CodeIgniter.php(368): CodeIgniter\CodeIgniter->handleRequest(null, Object(Config\Cache), false)
 8 FCPATH\index.php(67): CodeIgniter\CodeIgniter->run()
 9 SYSTEMPATH\Commands\Server\rewrite.php(47): require_once('FCPATH\\index.php')
CRITICAL - 2023-04-07 07:06:15 --> Call to undefined function set_value()
in APPPATH\Views\banniere06.php on line 12.
 1 SYSTEMPATH\View\View.php(213): include()
 2 SYSTEMPATH\View\View.php(216): CodeIgniter\View\View->CodeIgniter\View\{closure}()
 3 SYSTEMPATH\Common.php(1184): CodeIgniter\View\View->render('banniere06', [], true)
 4 APPPATH\Controllers\Aboutus.php(13): view('banniere06')
 5 SYSTEMPATH\CodeIgniter.php(934): App\Controllers\Aboutus->aboutus()
 6 SYSTEMPATH\CodeIgniter.php(499): CodeIgniter\CodeIgniter->runController(Object(App\Controllers\Aboutus))
 7 SYSTEMPATH\CodeIgniter.php(368): CodeIgniter\CodeIgniter->handleRequest(null, Object(Config\Cache), false)
 8 FCPATH\index.php(67): CodeIgniter\CodeIgniter->run()
 9 SYSTEMPATH\Commands\Server\rewrite.php(47): require_once('FCPATH\\index.php')
CRITICAL - 2023-04-07 07:06:22 --> Call to undefined function set_value()
in APPPATH\Views\banniere06.php on line 12.
 1 SYSTEMPATH\View\View.php(213): include()
 2 SYSTEMPATH\View\View.php(216): CodeIgniter\View\View->CodeIgniter\View\{closure}()
 3 SYSTEMPATH\Common.php(1184): CodeIgniter\View\View->render('banniere06', [], true)
 4 APPPATH\Controllers\Accueil.php(14): view('banniere06')
 5 SYSTEMPATH\CodeIgniter.php(934): App\Controllers\Accueil->accueil()
 6 SYSTEMPATH\CodeIgniter.php(499): CodeIgniter\CodeIgniter->runController(Object(App\Controllers\Accueil))
 7 SYSTEMPATH\CodeIgniter.php(368): CodeIgniter\CodeIgniter->handleRequest(null, Object(Config\Cache), false)
 8 FCPATH\index.php(67): CodeIgniter\CodeIgniter->run()
 9 SYSTEMPATH\Commands\Server\rewrite.php(47): require_once('FCPATH\\index.php')
CRITICAL - 2023-04-07 07:07:11 --> Call to undefined function set_value()
in APPPATH\Views\banniere06.php on line 12.
 1 SYSTEMPATH\View\View.php(213): include()
 2 SYSTEMPATH\View\View.php(216): CodeIgniter\View\View->CodeIgniter\View\{closure}()
 3 SYSTEMPATH\Common.php(1184): CodeIgniter\View\View->render('banniere06', [], true)
 4 APPPATH\Controllers\Accueil.php(14): view('banniere06')
 5 SYSTEMPATH\CodeIgniter.php(934): App\Controllers\Accueil->accueil()
 6 SYSTEMPATH\CodeIgniter.php(499): CodeIgniter\CodeIgniter->runController(Object(App\Controllers\Accueil))
 7 SYSTEMPATH\CodeIgniter.php(368): CodeIgniter\CodeIgniter->handleRequest(null, Object(Config\Cache), false)
 8 FCPATH\index.php(67): CodeIgniter\CodeIgniter->run()
 9 SYSTEMPATH\Commands\Server\rewrite.php(47): require_once('FCPATH\\index.php')
CRITICAL - 2023-04-07 07:07:30 --> Call to undefined function set_value()
in APPPATH\Views\banniere06.php on line 12.
 1 SYSTEMPATH\View\View.php(213): include()
 2 SYSTEMPATH\View\View.php(216): CodeIgniter\View\View->CodeIgniter\View\{closure}()
 3 SYSTEMPATH\Common.php(1184): CodeIgniter\View\View->render('banniere06', [], true)
 4 APPPATH\Controllers\Accueil.php(14): view('banniere06')
 5 SYSTEMPATH\CodeIgniter.php(934): App\Controllers\Accueil->accueil()
 6 SYSTEMPATH\CodeIgniter.php(499): CodeIgniter\CodeIgniter->runController(Object(App\Controllers\Accueil))
 7 SYSTEMPATH\CodeIgniter.php(368): CodeIgniter\CodeIgniter->handleRequest(null, Object(Config\Cache), false)
 8 FCPATH\index.php(67): CodeIgniter\CodeIgniter->run()
 9 SYSTEMPATH\Commands\Server\rewrite.php(47): require_once('FCPATH\\index.php')
CRITICAL - 2023-04-07 07:07:32 --> Call to undefined function set_value()
in APPPATH\Views\banniere06.php on line 12.
 1 SYSTEMPATH\View\View.php(213): include()
 2 SYSTEMPATH\View\View.php(216): CodeIgniter\View\View->CodeIgniter\View\{closure}()
 3 SYSTEMPATH\Common.php(1184): CodeIgniter\View\View->render('banniere06', [], true)
 4 APPPATH\Controllers\Accueil.php(14): view('banniere06')
 5 SYSTEMPATH\CodeIgniter.php(934): App\Controllers\Accueil->accueil()
 6 SYSTEMPATH\CodeIgniter.php(499): CodeIgniter\CodeIgniter->runController(Object(App\Controllers\Accueil))
 7 SYSTEMPATH\CodeIgniter.php(368): CodeIgniter\CodeIgniter->handleRequest(null, Object(Config\Cache), false)
 8 FCPATH\index.php(67): CodeIgniter\CodeIgniter->run()
 9 SYSTEMPATH\Commands\Server\rewrite.php(47): require_once('FCPATH\\index.php')
CRITICAL - 2023-04-07 07:08:01 --> Call to undefined function set_value()
in APPPATH\Views\banniere06.php on line 12.
 1 SYSTEMPATH\View\View.php(213): include()
 2 SYSTEMPATH\View\View.php(216): CodeIgniter\View\View->CodeIgniter\View\{closure}()
 3 SYSTEMPATH\Common.php(1184): CodeIgniter\View\View->render('banniere06', [], true)
 4 APPPATH\Controllers\Accueil.php(14): view('banniere06')
 5 SYSTEMPATH\CodeIgniter.php(934): App\Controllers\Accueil->accueil()
 6 SYSTEMPATH\CodeIgniter.php(499): CodeIgniter\CodeIgniter->runController(Object(App\Controllers\Accueil))
 7 SYSTEMPATH\CodeIgniter.php(368): CodeIgniter\CodeIgniter->handleRequest(null, Object(Config\Cache), false)
 8 FCPATH\index.php(67): CodeIgniter\CodeIgniter->run()
 9 SYSTEMPATH\Commands\Server\rewrite.php(47): require_once('FCPATH\\index.php')
CRITICAL - 2023-04-07 07:09:37 --> Call to undefined function set_value()
in APPPATH\Views\banniere06.php on line 12.
 1 SYSTEMPATH\View\View.php(213): include()
 2 SYSTEMPATH\View\View.php(216): CodeIgniter\View\View->CodeIgniter\View\{closure}()
 3 SYSTEMPATH\Common.php(1184): CodeIgniter\View\View->render('banniere06', [], true)
 4 APPPATH\Controllers\Accueil.php(14): view('banniere06')
 5 SYSTEMPATH\CodeIgniter.php(934): App\Controllers\Accueil->accueil()
 6 SYSTEMPATH\CodeIgniter.php(499): CodeIgniter\CodeIgniter->runController(Object(App\Controllers\Accueil))
 7 SYSTEMPATH\CodeIgniter.php(368): CodeIgniter\CodeIgniter->handleRequest(null, Object(Config\Cache), false)
 8 FCPATH\index.php(67): CodeIgniter\CodeIgniter->run()
 9 SYSTEMPATH\Commands\Server\rewrite.php(47): require_once('FCPATH\\index.php')
CRITICAL - 2023-04-07 07:09:39 --> Call to undefined function set_value()
in APPPATH\Views\banniere06.php on line 12.
 1 SYSTEMPATH\View\View.php(213): include()
 2 SYSTEMPATH\View\View.php(216): CodeIgniter\View\View->CodeIgniter\View\{closure}()
 3 SYSTEMPATH\Common.php(1184): CodeIgniter\View\View->render('banniere06', [], true)
 4 APPPATH\Controllers\Accueil.php(14): view('banniere06')
 5 SYSTEMPATH\CodeIgniter.php(934): App\Controllers\Accueil->accueil()
 6 SYSTEMPATH\CodeIgniter.php(499): CodeIgniter\CodeIgniter->runController(Object(App\Controllers\Accueil))
 7 SYSTEMPATH\CodeIgniter.php(368): CodeIgniter\CodeIgniter->handleRequest(null, Object(Config\Cache), false)
 8 FCPATH\index.php(67): CodeIgniter\CodeIgniter->run()
 9 SYSTEMPATH\Commands\Server\rewrite.php(47): require_once('FCPATH\\index.php')
CRITICAL - 2023-04-07 07:10:42 --> Call to undefined function set_value()
in APPPATH\Views\banniere06.php on line 12.
 1 SYSTEMPATH\View\View.php(213): include()
 2 SYSTEMPATH\View\View.php(216): CodeIgniter\View\View->CodeIgniter\View\{closure}()
 3 SYSTEMPATH\Common.php(1184): CodeIgniter\View\View->render('banniere06', [], true)
 4 APPPATH\Controllers\Accueil.php(14): view('banniere06')
 5 SYSTEMPATH\CodeIgniter.php(934): App\Controllers\Accueil->accueil()
 6 SYSTEMPATH\CodeIgniter.php(499): CodeIgniter\CodeIgniter->runController(Object(App\Controllers\Accueil))
 7 SYSTEMPATH\CodeIgniter.php(368): CodeIgniter\CodeIgniter->handleRequest(null, Object(Config\Cache), false)
 8 FCPATH\index.php(67): CodeIgniter\CodeIgniter->run()
 9 SYSTEMPATH\Commands\Server\rewrite.php(47): require_once('FCPATH\\index.php')
ERROR - 2023-04-07 07:16:37 --> Email: sendWithMail throwed ErrorException: mail(): Failed to connect to mailserver at &quot;localhost&quot; port 25, verify your &quot;SMTP&quot; and &quot;smtp_port&quot; setting in php.ini or use ini_set() in E:\shalom\system\Email\Email.php:1735
Stack trace:
#0 [internal function]: CodeIgniter\Debug\Exceptions->errorHandler(2, 'mail(): Failed ...', 'E:\\shalom\\syste...', 1735, Array)
#1 E:\shalom\system\Email\Email.php(1735): mail('contact@shalom....', '=?UTF-8?Q?Deman...', 'Message de Lola...', 'Date: Fri, 7 Ap...', '-f noreply@shal...')
#2 E:\shalom\system\Email\Email.php(1667): CodeIgniter\Email\Email->sendWithMail()
#3 E:\shalom\system\Email\Email.php(1565): CodeIgniter\Email\Email->spoolEmail()
#4 E:\shalom\app\Controllers\Contact.php(71): CodeIgniter\Email\Email->send()
#5 E:\shalom\system\CodeIgniter.php(934): App\Controllers\Contact->sendemail()
#6 E:\shalom\system\CodeIgniter.php(499): CodeIgniter\CodeIgniter->runController(Object(App\Controllers\Contact))
#7 E:\shalom\system\CodeIgniter.php(368): CodeIgniter\CodeIgniter->handleRequest(NULL, Object(Config\Cache), false)
#8 E:\shalom\public\index.php(67): CodeIgniter\CodeIgniter->run()
#9 E:\shalom\system\Commands\Server\rewrite.php(47): require_once('E:\\shalom\\publi...')
#10 {main}
ERROR - 2023-04-07 07:16:37 --> Email: Unable to send email using PHP mail(). Your server might not be configured to send mail using this method.
ERROR - 2023-04-07 07:16:37 --> 
CRITICAL - 2023-04-07 07:22:45 --> Call to undefined function set_value()
in APPPATH\Views\banniere06.php on line 12.
 1 SYSTEMPATH\View\View.php(213): include()
 2 SYSTEMPATH\View\View.php(216): CodeIgniter\View\View->CodeIgniter\View\{closure}()
 3 SYSTEMPATH\Common.php(1184): CodeIgniter\View\View->render('banniere06', [], true)
 4 APPPATH\Controllers\Accueil.php(14): view('banniere06')
 5 SYSTEMPATH\CodeIgniter.php(934): App\Controllers\Accueil->accueil()
 6 SYSTEMPATH\CodeIgniter.php(499): CodeIgniter\CodeIgniter->runController(Object(App\Controllers\Accueil))
 7 SYSTEMPATH\CodeIgniter.php(368): CodeIgniter\CodeIgniter->handleRequest(null, Object(Config\Cache), false)
 8 FCPATH\index.php(67): CodeIgniter\CodeIgniter->run()
 9 SYSTEMPATH\Commands\Server\rewrite.php(47): require_once('FCPATH\\index.php')
CRITICAL - 2023-04-07 18:12:13 --> Undefined variable: rules
in APPPATH\Controllers\Contact.php on line 50.
 1 APPPATH\Controllers\Contact.php(50): CodeIgniter\Debug\Exceptions->errorHandler(8, 'Undefined variable: rules', 'APPPATH\\Controllers\\Contact.php', 50, [...])
 2 SYSTEMPATH\CodeIgniter.php(934): App\Controllers\Contact->sendemail()
 3 SYSTEMPATH\CodeIgniter.php(499): CodeIgniter\CodeIgniter->runController(Object(App\Controllers\Contact))
 4 SYSTEMPATH\CodeIgniter.php(368): CodeIgniter\CodeIgniter->handleRequest(null, Object(Config\Cache), false)
 5 FCPATH\index.php(67): CodeIgniter\CodeIgniter->run()
 6 SYSTEMPATH\Commands\Server\rewrite.php(47): require_once('FCPATH\\index.php')
CRITICAL - 2023-04-07 18:13:43 --> Undefined variable: rules
in APPPATH\Controllers\Contact.php on line 50.
 1 APPPATH\Controllers\Contact.php(50): CodeIgniter\Debug\Exceptions->errorHandler(8, 'Undefined variable: rules', 'APPPATH\\Controllers\\Contact.php', 50, [...])
 2 SYSTEMPATH\CodeIgniter.php(934): App\Controllers\Contact->sendemail()
 3 SYSTEMPATH\CodeIgniter.php(499): CodeIgniter\CodeIgniter->runController(Object(App\Controllers\Contact))
 4 SYSTEMPATH\CodeIgniter.php(368): CodeIgniter\CodeIgniter->handleRequest(null, Object(Config\Cache), false)
 5 FCPATH\index.php(67): CodeIgniter\CodeIgniter->run()
 6 SYSTEMPATH\Commands\Server\rewrite.php(47): require_once('FCPATH\\index.php')
CRITICAL - 2023-04-07 18:14:02 --> Undefined variable: rules
in APPPATH\Controllers\Contact.php on line 50.
 1 APPPATH\Controllers\Contact.php(50): CodeIgniter\Debug\Exceptions->errorHandler(8, 'Undefined variable: rules', 'APPPATH\\Controllers\\Contact.php', 50, [...])
 2 SYSTEMPATH\CodeIgniter.php(934): App\Controllers\Contact->sendemail()
 3 SYSTEMPATH\CodeIgniter.php(499): CodeIgniter\CodeIgniter->runController(Object(App\Controllers\Contact))
 4 SYSTEMPATH\CodeIgniter.php(368): CodeIgniter\CodeIgniter->handleRequest(null, Object(Config\Cache), false)
 5 FCPATH\index.php(67): CodeIgniter\CodeIgniter->run()
 6 SYSTEMPATH\Commands\Server\rewrite.php(47): require_once('FCPATH\\index.php')
